<?xml version="1.0" encoding="UTF-8"?>
<!-- Generated by org.testng.reporters.JUnitReportReporter -->
<testsuite skipped="0" hostname="sms-MacBook-Air.home" name="TableData.ReadTableData" tests="2" failures="0" timestamp="21 May 2017 05:31:30 GMT" time="7.785" errors="0">
  <testcase name="readingTableCellData" time="4.780" classname="TableData.ReadTableData"/>
  <testcase name="headerVerification" time="3.005" classname="TableData.ReadTableData"/>
</testsuite> <!-- TableData.ReadTableData -->
